c:\users\ali\desktop\operatingsystem\systemcore\syscore\kernel\debug\panic.obj
c:\users\ali\desktop\operatingsystem\systemcore\syscore\kernel\debug\panic.asm
c:\users\ali\desktop\operatingsystem\systemcore\syscore\kernel\debug\exception.obj
c:\users\ali\desktop\operatingsystem\systemcore\syscore\kernel\debug\exception.asm
c:\users\ali\desktop\operatingsystem\systemcore\syscore\kernel\debug\entry.obj
c:\users\ali\desktop\operatingsystem\systemcore\syscore\kernel\debug\entry.asm
c:\users\ali\desktop\operatingsystem\systemcore\syscore\kernel\debug\debugdisplay.obj
c:\users\ali\desktop\operatingsystem\systemcore\syscore\kernel\debug\debugdisplay.asm
c:\users\ali\desktop\operatingsystem\systemcore\syscore\kernel\debug\main.obj
c:\users\ali\desktop\operatingsystem\systemcore\syscore\kernel\debug\main.asm
c:\users\ali\desktop\operatingsystem\systemcore\syscore\kernel\debug\kernel.res
c:\users\ali\desktop\operatingsystem\systemcore\syscore\kernel\debug\kernel.tlog\cl.command.1.tlog
c:\users\ali\desktop\operatingsystem\systemcore\syscore\kernel\debug\kernel.tlog\cl.read.1.tlog
c:\users\ali\desktop\operatingsystem\systemcore\syscore\kernel\debug\kernel.tlog\cl.read.2.tlog
c:\users\ali\desktop\operatingsystem\systemcore\syscore\kernel\debug\kernel.tlog\cl.read.3.tlog
c:\users\ali\desktop\operatingsystem\systemcore\syscore\kernel\debug\kernel.tlog\cl.read.4.tlog
c:\users\ali\desktop\operatingsystem\systemcore\syscore\kernel\debug\kernel.tlog\cl.read.5.tlog
c:\users\ali\desktop\operatingsystem\systemcore\syscore\kernel\debug\kernel.tlog\cl.write.1.tlog
c:\users\ali\desktop\operatingsystem\systemcore\syscore\kernel\debug\kernel.tlog\link-cvtres.read.1.tlog
c:\users\ali\desktop\operatingsystem\systemcore\syscore\kernel\debug\kernel.tlog\link-cvtres.write.1.tlog
c:\users\ali\desktop\operatingsystem\systemcore\syscore\kernel\debug\kernel.tlog\link.command.1.tlog
c:\users\ali\desktop\operatingsystem\systemcore\syscore\kernel\debug\kernel.tlog\link.read.1.tlog
c:\users\ali\desktop\operatingsystem\systemcore\syscore\kernel\debug\kernel.tlog\link.write.1.tlog
c:\users\ali\desktop\operatingsystem\systemcore\syscore\kernel\debug\kernel.tlog\rc.command.1.tlog
c:\users\ali\desktop\operatingsystem\systemcore\syscore\kernel\debug\kernel.tlog\rc.read.1.tlog
c:\users\ali\desktop\operatingsystem\systemcore\syscore\kernel\debug\kernel.tlog\rc.write.1.tlog
